<?xml version="1.0" encoding="UTF-8"?>
<testsuite xmlns:xsi="http://www.w3.org/2001/XMLSchema-instance" xsi:noNamespaceSchemaLocation="https://maven.apache.org/surefire/maven-surefire-plugin/xsd/surefire-test-report.xsd" name="testRunner.TestRunner" time="99.693" tests="3" errors="0" skipped="0" failures="3">
  <properties>
[...]
</properties>
  <testcase name="Add a new Customer" classname="Customers" time="34.958">
    <failure message="expected:&lt;[Add a new customer] / nopCommerce admin...&gt; but was:&lt;[Customers] / nopCommerce admin...&gt;" type="org.junit.ComparisonFailure"><![CDATA[org.junit.ComparisonFailure: expected:<[Add a new customer] / nopCommerce admin...> but was:<[Customers] / nopCommerce admin...>
]]></failure>
    <system-out><![CDATA[Feature: Customers

  Background: Below are the common steps for each Senario                  # Features/Customers.feature:3
    Given User Launch Firefox browser                                      # Steps.user_Launch_Firefox_browser()
    When User opens URL "http://admin-demo.nopcommerce.com/login"          # Steps.user_opens_URL(String)
    And User enters Email as "admin@yourstore.com" and Password as "admin" # Steps.user_enters_Email_as_and_Password_as(String,String)
    And Click on Login                                                     # Steps.click_on_Login()
    Then User can view Dashboard                                           # Steps.user_can_view_Dashboard()
    When User click on customers menu                                      # Steps.user_click_on_customers_menu()

  Scenario: Add a new Customer                                                              # Features/Customers.feature:11
    And click on customers menu Item                                                        # Steps.click_on_customers_menu_Item()
    And click on Add new button                                                             # Steps.click_on_Add_new_button()
    Then User can view Add new customer page                                                # Steps.user_can_view_Add_new_customer_page()
      org.junit.ComparisonFailure: expected:<[Add a new customer] / nopCommerce admin...> but was:<[Customers] / nopCommerce admin...>
	at org.junit.Assert.assertEquals(Assert.java:115)
	at org.junit.Assert.assertEquals(Assert.java:144)
	at stepDefinations.Steps.user_can_view_Add_new_customer_page(Steps.java:117)
	at ?.User can view Add new customer page(file:Features/Customers.feature:14)

    When User enter customer info                                                           # Steps.user_enter_customer_info()
    And click on save button                                                                # Steps.click_on_save_button()
    Then User can view confirmation message "The new customer has been added successfully." # Steps.user_can_view_confirmation_message(String)
    And close browser                                                                       # Steps.close_browser()
]]></system-out>
    <system-err><![CDATA[Sep 07, 2021 1:06:45 PM cucumber.runtime.java.ObjectFactoryLoader loadSingleObjectFactory
WARNING: Use deprecated reflections to load ObjectFactory.
1631000205827	geckodriver	INFO	Listening on 127.0.0.1:18280
1631000206123	mozrunner::runner	INFO	Running command: "C:\\Program Files (x86)\\Mozilla Firefox\\firefox.exe" "--marionette" "-foreground" "-no-remote" "-profile" "C:\\Users\\DELL\\AppData\\Local\\Temp\\rust_mozprofileuU5WGx"
1631000206749	Marionette	INFO	Marionette enabled
console.warn: SearchSettings: "get: No settings file exists, new profile?" (new NotFoundError("Could not open the file at C:\\Users\\DELL\\AppData\\Local\\Temp\\rust_mozprofileuU5WGx\\search.json.mozlz4", (void 0)))
1631000210913	Marionette	INFO	Listening on port 51932
1631000211001	RemoteAgent	WARN	TLS certificate errors will be ignored for this session
Sep 07, 2021 1:06:51 PM org.openqa.selenium.remote.ProtocolHandshake createSession
INFO: Detected dialect: W3C
1631000237866	Marionette	WARN	TimedPromise timed out after 500 ms: stacktrace:
TimedPromise/<@chrome://remote/content/marionette/sync.js:238:19
TimedPromise@chrome://remote/content/marionette/sync.js:223:10
interaction.flushEventLoop@chrome://remote/content/marionette/interaction.js:431:10
webdriverClickElement@chrome://remote/content/marionette/interaction.js:179:31
send@https://admin-demo.nopcommerce.com/lib_npm/jquery/jquery.min.js:2:82613
ajax@https://admin-demo.nopcommerce.com/lib_npm/jquery/jquery.min.js:2:78223
s.ajax@https://admin-demo.nopcommerce.com/lib_npm/jquery-migrate/jquery-migrate.min.js:2:3931
init@https://admin-demo.nopcommerce.com/js/admin.navigation.js:59:11
initOnce@https://admin-demo.nopcommerce.com/js/admin.navigation.js:93:17
init@https://admin-demo.nopcommerce.com/js/admin.search.js:75:30
@https://admin-demo.nopcommerce.com/Admin/Customer/List:156:46
e@https://admin-demo.nopcommerce.com/lib_npm/jquery/jquery.min.js:2:30005
l/</t<@https://admin-demo.nopcommerce.com/lib_npm/jquery/jquery.min.js:2:30307
]]></system-err>
  </testcase>
  <testcase name="Search customers by EmailID" classname="Customers" time="30.647">
    <failure message="expected:&lt;true&gt; but was:&lt;false&gt;" type="java.lang.AssertionError"><![CDATA[java.lang.AssertionError: expected:<true> but was:<false>
]]></failure>
    <system-out><![CDATA[
  Background: Below are the common steps for each Senario                  # Features/Customers.feature:3
    Given User Launch Firefox browser                                      # Steps.user_Launch_Firefox_browser()
    When User opens URL "http://admin-demo.nopcommerce.com/login"          # Steps.user_opens_URL(String)
    And User enters Email as "admin@yourstore.com" and Password as "admin" # Steps.user_enters_Email_as_and_Password_as(String,String)
    And Click on Login                                                     # Steps.click_on_Login()
    Then User can view Dashboard                                           # Steps.user_can_view_Dashboard()
    When User click on customers menu                                      # Steps.user_click_on_customers_menu()

  Scenario: Search customers by EmailID                                  # Features/Customers.feature:20
    And click on customers menu Item                                     # Steps.click_on_customers_menu_Item()
    And Enters customers Email                                           # Steps.enters_customers_Email()
    When Click on search button                                          # Steps.click_on_search_button()
    Then User should found Customer details by Email in the Search table # Steps.user_should_found_Customer_details_by_Email_in_the_Search_table()
      java.lang.AssertionError: expected:<true> but was:<false>
	at org.junit.Assert.fail(Assert.java:88)
	at org.junit.Assert.failNotEquals(Assert.java:834)
	at org.junit.Assert.assertEquals(Assert.java:118)
	at org.junit.Assert.assertEquals(Assert.java:144)
	at stepDefinations.Steps.user_should_found_Customer_details_by_Email_in_the_Search_table(Steps.java:191)
	at ?.User should found Customer details by Email in the Search table(file:Features/Customers.feature:24)

    And close browser                                                    # Steps.close_browser()
]]></system-out>
    <system-err><![CDATA[1631000240430	geckodriver	INFO	Listening on 127.0.0.1:20960
1631000240494	mozrunner::runner	INFO	Running command: "C:\\Program Files (x86)\\Mozilla Firefox\\firefox.exe" "--marionette" "-foreground" "-no-remote" "-profile" "C:\\Users\\DELL\\AppData\\Local\\Temp\\rust_mozprofileXsf20z"
1631000242172	Marionette	INFO	Marionette enabled
console.warn: SearchSettings: "get: No settings file exists, new profile?" (new NotFoundError("Could not open the file at C:\\Users\\DELL\\AppData\\Local\\Temp\\rust_mozprofileXsf20z\\search.json.mozlz4", (void 0)))
1631000249684	Marionette	INFO	Listening on port 59734
1631000250205	RemoteAgent	WARN	TLS certificate errors will be ignored for this session
Sep 07, 2021 1:07:30 PM org.openqa.selenium.remote.ProtocolHandshake createSession
INFO: Detected dialect: W3C
1631000267638	Marionette	WARN	TimedPromise timed out after 500 ms: stacktrace:
TimedPromise/<@chrome://remote/content/marionette/sync.js:238:19
TimedPromise@chrome://remote/content/marionette/sync.js:223:10
interaction.flushEventLoop@chrome://remote/content/marionette/interaction.js:431:10
webdriverClickElement@chrome://remote/content/marionette/interaction.js:179:31
send@https://admin-demo.nopcommerce.com/lib_npm/jquery/jquery.min.js:2:82613
ajax@https://admin-demo.nopcommerce.com/lib_npm/jquery/jquery.min.js:2:78223
s.ajax@https://admin-demo.nopcommerce.com/lib_npm/jquery-migrate/jquery-migrate.min.js:2:3931
init@https://admin-demo.nopcommerce.com/js/admin.navigation.js:59:11
initOnce@https://admin-demo.nopcommerce.com/js/admin.navigation.js:93:17
init@https://admin-demo.nopcommerce.com/js/admin.search.js:75:30
@https://admin-demo.nopcommerce.com/Admin/Customer/List:156:46
e@https://admin-demo.nopcommerce.com/lib_npm/jquery/jquery.min.js:2:30005
l/</t<@https://admin-demo.nopcommerce.com/lib_npm/jquery/jquery.min.js:2:30307
]]></system-err>
  </testcase>
  <testcase name="Search customers by Name" classname="Customers" time="33.437">
    <failure message="expected:&lt;true&gt; but was:&lt;false&gt;" type="java.lang.AssertionError"><![CDATA[java.lang.AssertionError: expected:<true> but was:<false>
]]></failure>
    <system-out><![CDATA[
  Background: Below are the common steps for each Senario                  # Features/Customers.feature:3
    Given User Launch Firefox browser                                      # Steps.user_Launch_Firefox_browser()
    When User opens URL "http://admin-demo.nopcommerce.com/login"          # Steps.user_opens_URL(String)
    And User enters Email as "admin@yourstore.com" and Password as "admin" # Steps.user_enters_Email_as_and_Password_as(String,String)
    And Click on Login                                                     # Steps.click_on_Login()
    Then User can view Dashboard                                           # Steps.user_can_view_Dashboard()
    When User click on customers menu                                      # Steps.user_click_on_customers_menu()

  Scenario: Search customers by Name                                    # Features/Customers.feature:27
    And click on customers menu Item                                    # Steps.click_on_customers_menu_Item()
    And Enters customers FirstName                                      # Steps.enters_customers_FirstName()
    And Enters customers LastName                                       # Steps.enters_customers_LastName()
    When Click on search button                                         # Steps.click_on_search_button()
    Then User should found Customer details by Name in the Search table # Steps.user_should_found_Customer_details_by_Name_in_the_Search_table()
      java.lang.AssertionError: expected:<true> but was:<false>
	at org.junit.Assert.fail(Assert.java:88)
	at org.junit.Assert.failNotEquals(Assert.java:834)
	at org.junit.Assert.assertEquals(Assert.java:118)
	at org.junit.Assert.assertEquals(Assert.java:144)
	at stepDefinations.Steps.user_should_found_Customer_details_by_Name_in_the_Search_table(Steps.java:214)
	at ?.User should found Customer details by Name in the Search table(file:Features/Customers.feature:32)

    And close browser                                                   # Steps.close_browser()
]]></system-out>
    <system-err><![CDATA[1631000270995	geckodriver	INFO	Listening on 127.0.0.1:16007
1631000271016	mozrunner::runner	INFO	Running command: "C:\\Program Files (x86)\\Mozilla Firefox\\firefox.exe" "--marionette" "-foreground" "-no-remote" "-profile" "C:\\Users\\DELL\\AppData\\Local\\Temp\\rust_mozprofileA2ruUg"
1631000272204	Marionette	INFO	Marionette enabled
console.warn: SearchSettings: "get: No settings file exists, new profile?" (new NotFoundError("Could not open the file at C:\\Users\\DELL\\AppData\\Local\\Temp\\rust_mozprofileA2ruUg\\search.json.mozlz4", (void 0)))
1631000279223	Marionette	INFO	Listening on port 50909
1631000279556	RemoteAgent	WARN	TLS certificate errors will be ignored for this session
Sep 07, 2021 1:07:59 PM org.openqa.selenium.remote.ProtocolHandshake createSession
INFO: Detected dialect: W3C
1631000301092	Marionette	WARN	TimedPromise timed out after 500 ms: stacktrace:
TimedPromise/<@chrome://remote/content/marionette/sync.js:238:19
TimedPromise@chrome://remote/content/marionette/sync.js:223:10
interaction.flushEventLoop@chrome://remote/content/marionette/interaction.js:431:10
webdriverClickElement@chrome://remote/content/marionette/interaction.js:179:31
send@https://admin-demo.nopcommerce.com/lib_npm/jquery/jquery.min.js:2:82613
ajax@https://admin-demo.nopcommerce.com/lib_npm/jquery/jquery.min.js:2:78223
s.ajax@https://admin-demo.nopcommerce.com/lib_npm/jquery-migrate/jquery-migrate.min.js:2:3931
init@https://admin-demo.nopcommerce.com/js/admin.navigation.js:59:11
initOnce@https://admin-demo.nopcommerce.com/js/admin.navigation.js:93:17
init@https://admin-demo.nopcommerce.com/js/admin.search.js:75:30
@https://admin-demo.nopcommerce.com/Admin/Customer/List:156:46
e@https://admin-demo.nopcommerce.com/lib_npm/jquery/jquery.min.js:2:30005
l/</t<@https://admin-demo.nopcommerce.com/lib_npm/jquery/jquery.min.js:2:30307
]]></system-err>
  </testcase>
</testsuite>